<?xml version="1.0" encoding="UTF-8"?>
<testng-results skipped="0" failed="1" ignored="0" total="5" passed="4">
  <reporter-output>
  </reporter-output>
  <suite name="Default suite" duration-ms="391" started-at="2019-08-26T13:26:37Z" finished-at="2019-08-26T13:26:37Z">
    <groups>
    </groups>
    <test name="Default test" duration-ms="391" started-at="2019-08-26T13:26:37Z" finished-at="2019-08-26T13:26:37Z">
      <class name="demoapp.test.Demoappbackend">
        <test-method status="PASS" signature="setUp()[pri:0, instance:demoapp.test.Demoappbackend@eec5a4a]" name="setUp" is-config="true" duration-ms="332" started-at="2019-08-26T13:26:37Z" finished-at="2019-08-26T13:26:37Z">
          <reporter-output>
          </reporter-output>
        </test-method> <!-- setUp -->
        <test-method status="PASS" signature="test()[pri:1, instance:demoapp.test.Demoappbackend@eec5a4a]" name="test" duration-ms="16" started-at="2019-08-26T13:26:37Z" description="get all data" finished-at="2019-08-26T13:26:37Z">
          <reporter-output>
          </reporter-output>
        </test-method> <!-- test -->
        <test-method status="PASS" signature="getsingledata()[pri:2, instance:demoapp.test.Demoappbackend@eec5a4a]" name="getsingledata" duration-ms="4" started-at="2019-08-26T13:26:37Z" description="positive testing" finished-at="2019-08-26T13:26:37Z">
          <reporter-output>
          </reporter-output>
        </test-method> <!-- getsingledata -->
        <test-method status="PASS" signature="getid()[pri:3, instance:demoapp.test.Demoappbackend@eec5a4a]" name="getid" duration-ms="2" started-at="2019-08-26T13:26:37Z" description="positive testing" finished-at="2019-08-26T13:26:37Z">
          <reporter-output>
          </reporter-output>
        </test-method> <!-- getid -->
        <test-method status="PASS" signature="gettitle()[pri:3, instance:demoapp.test.Demoappbackend@eec5a4a]" name="gettitle" duration-ms="2" started-at="2019-08-26T13:26:37Z" description="positive testing" finished-at="2019-08-26T13:26:37Z">
          <reporter-output>
          </reporter-output>
        </test-method> <!-- gettitle -->
        <test-method status="FAIL" signature="insertdata()[pri:4, instance:demoapp.test.Demoappbackend@eec5a4a]" name="insertdata" duration-ms="1" started-at="2019-08-26T13:26:37Z" description="positive testing" finished-at="2019-08-26T13:26:37Z">
          <exception class="java.lang.NullPointerException">
            <full-stacktrace>
              <![CDATA[java.lang.NullPointerException
at demoapp.test.Demoappbackend.insertdata(Demoappbackend.java:98)
at sun.reflect.NativeMethodAccessorImpl.invoke0(Native Method)
at sun.reflect.NativeMethodAccessorImpl.invoke(NativeMethodAccessorImpl.java:62)
at sun.reflect.DelegatingMethodAccessorImpl.invoke(DelegatingMethodAccessorImpl.java:43)
at java.lang.reflect.Method.invoke(Method.java:498)
at org.testng.internal.MethodInvocationHelper.invokeMethod(MethodInvocationHelper.java:124)
at org.testng.internal.Invoker.invokeMethod(Invoker.java:583)
at org.testng.internal.Invoker.invokeTestMethod(Invoker.java:719)
at org.testng.internal.Invoker.invokeTestMethods(Invoker.java:989)
at org.testng.internal.TestMethodWorker.invokeTestMethods(TestMethodWorker.java:125)
at org.testng.internal.TestMethodWorker.run(TestMethodWorker.java:109)
at org.testng.TestRunner.privateRun(TestRunner.java:648)
at org.testng.TestRunner.run(TestRunner.java:505)
at org.testng.SuiteRunner.runTest(SuiteRunner.java:455)
at org.testng.SuiteRunner.runSequentially(SuiteRunner.java:450)
at org.testng.SuiteRunner.privateRun(SuiteRunner.java:415)
at org.testng.SuiteRunner.run(SuiteRunner.java:364)
at org.testng.SuiteRunnerWorker.runSuite(SuiteRunnerWorker.java:52)
at org.testng.SuiteRunnerWorker.run(SuiteRunnerWorker.java:84)
at org.testng.TestNG.runSuitesSequentially(TestNG.java:1208)
at org.testng.TestNG.runSuitesLocally(TestNG.java:1137)
at org.testng.TestNG.runSuites(TestNG.java:1049)
at org.testng.TestNG.run(TestNG.java:1017)
at org.testng.remote.AbstractRemoteTestNG.run(AbstractRemoteTestNG.java:115)
at org.testng.remote.RemoteTestNG.initAndRun(RemoteTestNG.java:251)
at org.testng.remote.RemoteTestNG.main(RemoteTestNG.java:77)
]]>
            </full-stacktrace>
          </exception> <!-- java.lang.NullPointerException -->
          <reporter-output>
          </reporter-output>
        </test-method> <!-- insertdata -->
        <test-method status="PASS" signature="tearDown()[pri:0, instance:demoapp.test.Demoappbackend@eec5a4a]" name="tearDown" is-config="true" duration-ms="0" started-at="2019-08-26T13:26:37Z" finished-at="2019-08-26T13:26:37Z">
          <reporter-output>
          </reporter-output>
        </test-method> <!-- tearDown -->
      </class> <!-- demoapp.test.Demoappbackend -->
    </test> <!-- Default test -->
  </suite> <!-- Default suite -->
</testng-results>
